<?xml version="1.0" encoding="UTF-8"?>
<coverage generated="1659662256742" clover="3.2.0">
  <project timestamp="1659662256742" name="All files">
    <metrics statements="46" coveredstatements="46" conditionals="2" coveredconditionals="2" methods="15" coveredmethods="15" elements="63" coveredelements="63" complexity="0" loc="46" ncloc="46" packages="1" files="4" classes="4"/>
    <file name="breadthIterator.class.ts" path="C:\Users\lflip\.personal\openSIM\src\graph\breadthIterator.class.ts">
      <metrics statements="12" coveredstatements="12" conditionals="0" coveredconditionals="0" methods="4" coveredmethods="4"/>
      <line num="4" count="2" type="stmt"/>
      <line num="9" count="5" type="stmt"/>
      <line num="10" count="5" type="stmt"/>
      <line num="13" count="2" type="stmt"/>
      <line num="17" count="21" type="stmt"/>
      <line num="18" count="21" type="stmt"/>
      <line num="19" count="16" type="stmt"/>
      <line num="22" count="21" type="stmt"/>
      <line num="25" count="5" type="stmt"/>
      <line num="26" count="25" type="stmt"/>
      <line num="27" count="25" type="stmt"/>
      <line num="29" count="25" type="stmt"/>
    </file>
    <file name="dependencyNode.class.ts" path="C:\Users\lflip\.personal\openSIM\src\graph\dependencyNode.class.ts">
      <metrics statements="12" coveredstatements="12" conditionals="2" coveredconditionals="2" methods="2" coveredmethods="2"/>
      <line num="1" count="1" type="stmt"/>
      <line num="3" count="1" type="stmt"/>
      <line num="5" count="1" type="stmt"/>
      <line num="7" count="12" type="stmt"/>
      <line num="11" count="2" type="stmt"/>
      <line num="13" count="2" type="stmt"/>
      <line num="15" count="2" type="cond" truecount="1" falsecount="0"/>
      <line num="16" count="2" type="stmt"/>
      <line num="17" count="12" type="stmt"/>
      <line num="18" count="12" type="cond" truecount="1" falsecount="0"/>
      <line num="19" count="2" type="stmt"/>
      <line num="24" count="10" type="stmt"/>
    </file>
    <file name="depthIterator.class.ts" path="C:\Users\lflip\.personal\openSIM\src\graph\depthIterator.class.ts">
      <metrics statements="12" coveredstatements="12" conditionals="0" coveredconditionals="0" methods="4" coveredmethods="4"/>
      <line num="4" count="1" type="stmt"/>
      <line num="9" count="3" type="stmt"/>
      <line num="10" count="3" type="stmt"/>
      <line num="13" count="1" type="stmt"/>
      <line num="17" count="9" type="stmt"/>
      <line num="18" count="9" type="stmt"/>
      <line num="19" count="6" type="stmt"/>
      <line num="22" count="9" type="stmt"/>
      <line num="25" count="3" type="stmt"/>
      <line num="26" count="11" type="stmt"/>
      <line num="27" count="11" type="stmt"/>
      <line num="29" count="11" type="stmt"/>
    </file>
    <file name="graphNode.class.ts" path="C:\Users\lflip\.personal\openSIM\src\graph\graphNode.class.ts">
      <metrics statements="10" coveredstatements="10" conditionals="0" coveredconditionals="0" methods="5" coveredmethods="5"/>
      <line num="1" count="4" type="stmt"/>
      <line num="3" count="4" type="stmt"/>
      <line num="10" count="39" type="stmt"/>
      <line num="11" count="39" type="stmt"/>
      <line num="12" count="39" type="stmt"/>
      <line num="13" count="39" type="stmt"/>
      <line num="17" count="31" type="stmt"/>
      <line num="18" count="31" type="stmt"/>
      <line num="22" count="1" type="stmt"/>
      <line num="23" count="1" type="stmt"/>
    </file>
  </project>
</coverage>
