{"C:\\Users\\lflip\\.personal\\openSIM\\src\\graph\\breadthIterator.class.ts": {"path":"C:\\Users\\lflip\\.personal\\openSIM\\src\\graph\\breadthIterator.class.ts","statementMap":{"0":{"start":{"line":25,"column":2},"end":{"line":30,"column":4}},"1":{"start":{"line":26,"column":17},"end":{"line":26,"column":29}},"2":{"start":{"line":27,"column":4},"end":{"line":27,"column":38}},"3":{"start":{"line":29,"column":4},"end":{"line":29,"column":16}},"4":{"start":{"line":9,"column":4},"end":{"line":9,"column":51}},"5":{"start":{"line":10,"column":4},"end":{"line":10,"column":38}},"6":{"start":{"line":4,"column":0},"end":{"line":4,"column":13}},"7":{"start":{"line":13,"column":9},"end":{"line":23,"column":4}},"8":{"start":{"line":17,"column":4},"end":{"line":17,"column":29}},"9":{"start":{"line":18,"column":4},"end":{"line":20,"column":7}},"10":{"start":{"line":19,"column":6},"end":{"line":19,"column":42}},"11":{"start":{"line":22,"column":4},"end":{"line":22,"column":19}}},"fnMap":{"0":{"name":"(anonymous_0)","decl":{"start":{"line":8,"column":2},"end":{"line":8,"column":14}},"loc":{"start":{"line":8,"column":32},"end":{"line":11,"column":3}}},"1":{"name":"(anonymous_1)","decl":{"start":{"line":25,"column":9},"end":{"line":25,"column":38}},"loc":{"start":{"line":25,"column":40},"end":{"line":30,"column":3}}},"2":{"name":"(anonymous_2)","decl":{"start":{"line":13,"column":15},"end":{"line":13,"column":null}},"loc":{"start":{"line":16,"column":22},"end":{"line":23,"column":3}}},"3":{"name":"(anonymous_3)","decl":{"start":{"line":18,"column":20},"end":{"line":18,"column":21}},"loc":{"start":{"line":18,"column":30},"end":{"line":20,"column":5}}}},"branchMap":{},"s":{"0":5,"1":25,"2":25,"3":25,"4":5,"5":5,"6":2,"7":2,"8":21,"9":21,"10":16,"11":21},"f":{"0":5,"1":25,"2":21,"3":16},"b":{}}
,"C:\\Users\\lflip\\.personal\\openSIM\\src\\graph\\dependencyNode.class.ts": {"path":"C:\\Users\\lflip\\.personal\\openSIM\\src\\graph\\dependencyNode.class.ts","statementMap":{"0":{"start":{"line":1,"column":0},"end":{"line":1,"column":58}},"1":{"start":{"line":3,"column":0},"end":{"line":3,"column":46}},"2":{"start":{"line":7,"column":4},"end":{"line":7,"column":21}},"3":{"start":{"line":11,"column":4},"end":{"line":11,"column":31}},"4":{"start":{"line":13,"column":21},"end":{"line":13,"column":46}},"5":{"start":{"line":15,"column":4},"end":{"line":26,"column":null}},"6":{"start":{"line":16,"column":6},"end":{"line":25,"column":null}},"7":{"start":{"line":17,"column":21},"end":{"line":17,"column":36}},"8":{"start":{"line":18,"column":8},"end":{"line":20,"column":null}},"9":{"start":{"line":19,"column":10},"end":{"line":19,"column":16}},"10":{"start":{"line":24,"column":8},"end":{"line":24,"column":73}},"11":{"start":{"line":5,"column":0},"end":{"line":5,"column":13}}},"fnMap":{"0":{"name":"(anonymous_0)","decl":{"start":{"line":6,"column":2},"end":{"line":6,"column":14}},"loc":{"start":{"line":6,"column":38},"end":{"line":8,"column":3}}},"1":{"name":"(anonymous_1)","decl":{"start":{"line":10,"column":2},"end":{"line":10,"column":5}},"loc":{"start":{"line":10,"column":14},"end":{"line":27,"column":3}}}},"branchMap":{"0":{"loc":{"start":{"line":15,"column":4},"end":{"line":26,"column":null}},"type":"if","locations":[{"start":{"line":15,"column":4},"end":{"line":26,"column":null}}]},"1":{"loc":{"start":{"line":18,"column":8},"end":{"line":20,"column":null}},"type":"if","locations":[{"start":{"line":18,"column":8},"end":{"line":20,"column":null}}]}},"s":{"0":1,"1":1,"2":12,"3":2,"4":2,"5":2,"6":2,"7":12,"8":12,"9":2,"10":10,"11":1},"f":{"0":12,"1":2},"b":{"0":[2],"1":[2]}}
,"C:\\Users\\lflip\\.personal\\openSIM\\src\\graph\\depthIterator.class.ts": {"path":"C:\\Users\\lflip\\.personal\\openSIM\\src\\graph\\depthIterator.class.ts","statementMap":{"0":{"start":{"line":25,"column":2},"end":{"line":30,"column":4}},"1":{"start":{"line":26,"column":17},"end":{"line":26,"column":29}},"2":{"start":{"line":27,"column":4},"end":{"line":27,"column":38}},"3":{"start":{"line":29,"column":4},"end":{"line":29,"column":16}},"4":{"start":{"line":9,"column":4},"end":{"line":9,"column":45}},"5":{"start":{"line":10,"column":4},"end":{"line":10,"column":38}},"6":{"start":{"line":4,"column":0},"end":{"line":4,"column":13}},"7":{"start":{"line":13,"column":9},"end":{"line":23,"column":4}},"8":{"start":{"line":17,"column":4},"end":{"line":17,"column":23}},"9":{"start":{"line":18,"column":4},"end":{"line":20,"column":7}},"10":{"start":{"line":19,"column":6},"end":{"line":19,"column":40}},"11":{"start":{"line":22,"column":4},"end":{"line":22,"column":19}}},"fnMap":{"0":{"name":"(anonymous_0)","decl":{"start":{"line":8,"column":2},"end":{"line":8,"column":14}},"loc":{"start":{"line":8,"column":32},"end":{"line":11,"column":3}}},"1":{"name":"(anonymous_1)","decl":{"start":{"line":25,"column":9},"end":{"line":25,"column":38}},"loc":{"start":{"line":25,"column":40},"end":{"line":30,"column":3}}},"2":{"name":"(anonymous_2)","decl":{"start":{"line":13,"column":15},"end":{"line":13,"column":null}},"loc":{"start":{"line":16,"column":22},"end":{"line":23,"column":3}}},"3":{"name":"(anonymous_3)","decl":{"start":{"line":18,"column":20},"end":{"line":18,"column":21}},"loc":{"start":{"line":18,"column":30},"end":{"line":20,"column":5}}}},"branchMap":{},"s":{"0":3,"1":11,"2":11,"3":11,"4":3,"5":3,"6":1,"7":1,"8":9,"9":9,"10":6,"11":9},"f":{"0":3,"1":11,"2":9,"3":6},"b":{}}
,"C:\\Users\\lflip\\.personal\\openSIM\\src\\graph\\graphNode.class.ts": {"path":"C:\\Users\\lflip\\.personal\\openSIM\\src\\graph\\graphNode.class.ts","statementMap":{"0":{"start":{"line":1,"column":0},"end":{"line":1,"column":36}},"1":{"start":{"line":10,"column":4},"end":{"line":10,"column":25}},"2":{"start":{"line":11,"column":4},"end":{"line":11,"column":19}},"3":{"start":{"line":12,"column":4},"end":{"line":12,"column":17}},"4":{"start":{"line":13,"column":4},"end":{"line":13,"column":23}},"5":{"start":{"line":17,"column":4},"end":{"line":17,"column":24}},"6":{"start":{"line":18,"column":4},"end":{"line":18,"column":26}},"7":{"start":{"line":22,"column":4},"end":{"line":22,"column":61}},"8":{"start":{"line":22,"column":36},"end":{"line":22,"column":59}},"9":{"start":{"line":23,"column":4},"end":{"line":23,"column":66}},"10":{"start":{"line":23,"column":42},"end":{"line":23,"column":64}},"11":{"start":{"line":3,"column":0},"end":{"line":3,"column":13}}},"fnMap":{"0":{"name":"(anonymous_0)","decl":{"start":{"line":9,"column":2},"end":{"line":9,"column":14}},"loc":{"start":{"line":9,"column":22},"end":{"line":14,"column":3}}},"1":{"name":"(anonymous_1)","decl":{"start":{"line":16,"column":2},"end":{"line":16,"column":10}},"loc":{"start":{"line":16,"column":30},"end":{"line":19,"column":3}}},"2":{"name":"(anonymous_2)","decl":{"start":{"line":21,"column":2},"end":{"line":21,"column":13}},"loc":{"start":{"line":21,"column":33},"end":{"line":24,"column":3}}},"3":{"name":"(anonymous_3)","decl":{"start":{"line":22,"column":29},"end":{"line":22,"column":30}},"loc":{"start":{"line":22,"column":36},"end":{"line":22,"column":59}}},"4":{"name":"(anonymous_4)","decl":{"start":{"line":23,"column":35},"end":{"line":23,"column":36}},"loc":{"start":{"line":23,"column":42},"end":{"line":23,"column":64}}}},"branchMap":{},"s":{"0":4,"1":39,"2":39,"3":39,"4":39,"5":31,"6":31,"7":1,"8":1,"9":1,"10":1,"11":4},"f":{"0":39,"1":31,"2":1,"3":1,"4":1},"b":{}}
}
