TN:
SF:src\graph\breadthIterator.class.ts
FN:8,(anonymous_0)
FN:25,(anonymous_1)
FN:13,(anonymous_2)
FN:18,(anonymous_3)
FNF:4
FNH:4
FNDA:3,(anonymous_0)
FNDA:11,(anonymous_1)
FNDA:9,(anonymous_2)
FNDA:6,(anonymous_3)
DA:4,1
DA:9,3
DA:10,3
DA:13,1
DA:17,9
DA:18,9
DA:19,6
DA:22,9
DA:25,3
DA:26,11
DA:27,11
DA:29,11
LF:12
LH:12
BRF:0
BRH:0
end_of_record
TN:
SF:src\graph\depthIterator.class.ts
FN:8,(anonymous_0)
FN:25,(anonymous_1)
FN:13,(anonymous_2)
FN:18,(anonymous_3)
FNF:4
FNH:4
FNDA:3,(anonymous_0)
FNDA:11,(anonymous_1)
FNDA:9,(anonymous_2)
FNDA:6,(anonymous_3)
DA:4,1
DA:9,3
DA:10,3
DA:13,1
DA:17,9
DA:18,9
DA:19,6
DA:22,9
DA:25,3
DA:26,11
DA:27,11
DA:29,11
LF:12
LH:12
BRF:0
BRH:0
end_of_record
TN:
SF:src\graph\graphNode.class.ts
FN:9,(anonymous_0)
FN:16,(anonymous_1)
FN:21,(anonymous_2)
FN:22,(anonymous_3)
FN:23,(anonymous_4)
FNF:5
FNH:5
FNDA:27,(anonymous_0)
FNDA:21,(anonymous_1)
FNDA:1,(anonymous_2)
FNDA:1,(anonymous_3)
FNDA:1,(anonymous_4)
DA:1,3
DA:3,3
DA:10,27
DA:11,27
DA:12,27
DA:13,27
DA:17,21
DA:18,21
DA:22,1
DA:23,1
LF:10
LH:10
BRF:0
BRH:0
end_of_record
