TN:
SF:src\graph\depthIterator.ts
FN:8,(anonymous_0)
FN:22,(anonymous_1)
FN:13,(anonymous_2)
FN:15,(anonymous_3)
FNF:4
FNH:4
FNDA:3,(anonymous_0)
FNDA:11,(anonymous_1)
FNDA:9,(anonymous_2)
FNDA:6,(anonymous_3)
DA:4,1
DA:9,3
DA:10,3
DA:13,1
DA:14,9
DA:15,9
DA:16,6
DA:19,9
DA:22,3
DA:23,11
DA:24,11
DA:26,11
LF:12
LH:12
BRF:0
BRH:0
end_of_record
TN:
SF:src\graph\graphNode.class.ts
FN:10,(anonymous_0)
FN:17,(anonymous_1)
FN:21,(anonymous_2)
FN:22,(anonymous_3)
FN:23,(anonymous_4)
FNF:5
FNH:5
FNDA:17,(anonymous_0)
FNDA:13,(anonymous_1)
FNDA:1,(anonymous_2)
FNDA:1,(anonymous_3)
FNDA:1,(anonymous_4)
DA:1,2
DA:3,2
DA:11,17
DA:12,17
DA:13,17
DA:14,17
DA:18,13
DA:19,13
DA:22,1
DA:23,1
LF:10
LH:10
BRF:0
BRH:0
end_of_record
